<?xml version="1.0" encoding="UTF-8"?>
<!-- Generated by org.testng.reporters.JUnitReportReporter -->
<testsuite hostname="DESKTOP-SFS223H" name="com.crm.qa.tests.DashboardPageTest" tests="3" failures="0" timestamp="26 Sep 2019 13:45:02 GMT" time="55.718" errors="0">
  <testcase name="PageHeaderTest" time="17.716" classname="com.crm.qa.tests.DashboardPageTest"/>
  <testcase name="ClickCustomerLinkTest" time="20.251" classname="com.crm.qa.tests.DashboardPageTest"/>
  <testcase name="LoggedUserTest" time="17.751" classname="com.crm.qa.tests.DashboardPageTest"/>
</testsuite> <!-- com.crm.qa.tests.DashboardPageTest -->
