<?xml version="1.0" encoding="UTF-8"?>
<!-- Generated by org.testng.reporters.JUnitReportReporter -->
<testsuite hostname="DESKTOP-SFS223H" name="com.crm.qa.tests.CustomersPageTest" tests="2" failures="0" timestamp="26 Sep 2019 13:45:02 GMT" time="40.190" errors="0">
  <testcase name="searchCustomerTest" time="20.730" classname="com.crm.qa.tests.CustomersPageTest"/>
  <testcase name="ClickCustomerLinkTest" time="19.460" classname="com.crm.qa.tests.CustomersPageTest"/>
</testsuite> <!-- com.crm.qa.tests.CustomersPageTest -->
