<?xml version="1.0" encoding="UTF-8"?>
<!-- Generated by org.testng.reporters.JUnitReportReporter -->
<testsuite hostname="DESKTOP-SFS223H" name="com.crm.qa.tests.LoginPageTest" tests="2" failures="0" timestamp="27 Sep 2019 12:11:38 GMT" time="56.434" errors="0">
  <testcase name="loginPageTitletest" time="37.967" classname="com.crm.qa.tests.LoginPageTest"/>
  <testcase name="LoginTest" time="18.467" classname="com.crm.qa.tests.LoginPageTest"/>
</testsuite> <!-- com.crm.qa.tests.LoginPageTest -->
