<?xml version="1.0" encoding="UTF-8"?>
<!-- Generated by org.testng.reporters.JUnitReportReporter -->
<testsuite hostname="DESKTOP-SFS223H" name="com.crm.qa.tests.AddANewCustomerPageTest" tests="3" failures="0" timestamp="26 Sep 2019 13:45:02 GMT" time="61.993" errors="0">
  <testcase name="clickLogoutTest" time="17.565" classname="com.crm.qa.tests.AddANewCustomerPageTest"/>
  <testcase name="clickbacktoCustomerTest" time="23.858" classname="com.crm.qa.tests.AddANewCustomerPageTest"/>
  <testcase name="clickAndVerifyNewCustomerTest" time="20.570" classname="com.crm.qa.tests.AddANewCustomerPageTest"/>
</testsuite> <!-- com.crm.qa.tests.AddANewCustomerPageTest -->
